<?xml version="1.0" encoding="UTF-8"?>
<testng-results ignored="0" total="1" passed="1" failed="0" skipped="0">
  <reporter-output>
  </reporter-output>
  <suite started-at="2026-04-16T09:52:37 IST" name="DemoSuite" finished-at="2026-04-16T09:53:16 IST" duration-ms="38705">
    <groups>
      <group name="cucumber">
        <method signature="AbstractTestNGCucumberTests.runScenario(io.cucumber.testng.PickleWrapper,io.cucumber.testng.FeatureWrapper)[pri:0, instance:runner.TestRunner@55183b20]" name="runScenario" class="io.cucumber.testng.AbstractTestNGCucumberTests"/>
      </group> <!-- cucumber -->
    </groups>
    <test started-at="2026-04-16T09:52:37 IST" name="DemoTests" finished-at="2026-04-16T09:53:16 IST" duration-ms="38705">
      <class name="runner.TestRunner">
        <test-method is-config="true" signature="setUpClass(org.testng.ITestContext)[pri:0, instance:runner.TestRunner@55183b20]" started-at="2026-04-16T09:52:38 IST" name="setUpClass" finished-at="2026-04-16T09:52:38 IST" duration-ms="439" status="PASS">
          <params>
            <param index="0">
              <value>
                <![CDATA[org.testng.TestRunner@c27d163]]>
              </value>
            </param>
          </params>
          <reporter-output>
          </reporter-output>
        </test-method> <!-- setUpClass -->
        <test-method is-config="true" signature="precondition()[pri:0, instance:runner.TestRunner@55183b20]" started-at="2026-04-16T09:52:38 IST" name="precondition" finished-at="2026-04-16T09:52:49 IST" duration-ms="10777" status="PASS">
          <reporter-output>
          </reporter-output>
        </test-method> <!-- precondition -->
        <test-method signature="runScenario(io.cucumber.testng.PickleWrapper,io.cucumber.testng.FeatureWrapper)[pri:0, instance:runner.TestRunner@55183b20]" started-at="2026-04-16T09:52:49 IST" name="runScenario" description="Runs Cucumber Scenarios" data-provider="scenarios" finished-at="2026-04-16T09:53:16 IST" duration-ms="27377" status="PASS">
          <params>
            <param index="0">
              <value>
                <![CDATA["Edit Account"]]>
              </value>
            </param>
            <param index="1">
              <value>
                <![CDATA["Edit Account function of Salesforce application"]]>
              </value>
            </param>
          </params>
          <reporter-output>
          </reporter-output>
        </test-method> <!-- runScenario -->
        <test-method is-config="true" signature="tearDownClass()[pri:0, instance:runner.TestRunner@55183b20]" started-at="2026-04-16T09:53:16 IST" name="tearDownClass" finished-at="2026-04-16T09:53:16 IST" duration-ms="23" status="PASS">
          <reporter-output>
          </reporter-output>
        </test-method> <!-- tearDownClass -->
      </class> <!-- runner.TestRunner -->
    </test> <!-- DemoTests -->
  </suite> <!-- DemoSuite -->
</testng-results>
